<?xml version="1.0" encoding="UTF-8"?>
<!-- Generated by org.testng.reporters.JUnitReportReporter -->
<testsuite hostname="sofiene" failures="0" tests="1" name="uk.co.automationtesting.AddRemoveItemBasketTest" time="12.870" errors="0" timestamp="2023-09-04T13:25:50 CET" skipped="0">
  <testcase classname="uk.co.automationtesting.AddRemoveItemBasketTest" name="addRemoveItem" time="12.870"/>
  <system-out/>
</testsuite> <!-- uk.co.automationtesting.AddRemoveItemBasketTest -->
